[2024-09-11T10:18:35.994+0000] {manager.py:470} INFO - Processing files using up to 2 processes at a time 
[2024-09-11T10:18:35.996+0000] {manager.py:471} INFO - Process each file at most once every 30 seconds
[2024-09-11T10:18:35.997+0000] {manager.py:472} INFO - Checking for new files in /opt/airflow/dags every 300 seconds
[2024-09-11T10:18:35.998+0000] {manager.py:737} INFO - Searching for files in /opt/airflow/dags
[2024-09-11T10:18:36.002+0000] {manager.py:740} INFO - There are 0 files in /opt/airflow/dags
[2024-09-11T10:23:36.641+0000] {manager.py:737} INFO - Searching for files in /opt/airflow/dags
[2024-09-11T10:23:36.648+0000] {manager.py:740} INFO - There are 0 files in /opt/airflow/dags
[2024-09-11T10:28:37.183+0000] {manager.py:737} INFO - Searching for files in /opt/airflow/dags
[2024-09-11T10:28:37.188+0000] {manager.py:740} INFO - There are 0 files in /opt/airflow/dags
[2024-09-11T10:33:37.709+0000] {manager.py:737} INFO - Searching for files in /opt/airflow/dags
[2024-09-11T10:33:37.715+0000] {manager.py:740} INFO - There are 0 files in /opt/airflow/dags
[2024-09-11T10:38:37.759+0000] {manager.py:737} INFO - Searching for files in /opt/airflow/dags
[2024-09-11T10:38:37.766+0000] {manager.py:740} INFO - There are 1 files in /opt/airflow/dags
[2024-09-11T10:38:42.889+0000] {manager.py:878} INFO - 
================================================================================
DAG File Processing Stats

File Path                                               PID    Runtime      # DAGs    # Errors  Last Runtime    Last Run
------------------------------------------------------  -----  ---------  --------  ----------  --------------  -------------------
/opt/airflow/dags/databricks_apple_analysis_project.py                           0           1  0.18s           2024-09-11T10:38:38
================================================================================
[2024-09-11T10:39:13.048+0000] {manager.py:878} INFO - 
================================================================================
DAG File Processing Stats

File Path                                               PID    Runtime      # DAGs    # Errors  Last Runtime    Last Run
------------------------------------------------------  -----  ---------  --------  ----------  --------------  -------------------
/opt/airflow/dags/databricks_apple_analysis_project.py                           0           1  0.09s           2024-09-11T10:39:08
================================================================================
[2024-09-11T10:39:43.271+0000] {manager.py:878} INFO - 
================================================================================
DAG File Processing Stats

File Path                                               PID    Runtime      # DAGs    # Errors  Last Runtime    Last Run
------------------------------------------------------  -----  ---------  --------  ----------  --------------  -------------------
/opt/airflow/dags/databricks_apple_analysis_project.py                           0           1  0.07s           2024-09-11T10:39:38
================================================================================
[2024-09-11T10:40:13.446+0000] {manager.py:878} INFO - 
================================================================================
DAG File Processing Stats

File Path                                               PID    Runtime      # DAGs    # Errors  Last Runtime    Last Run
------------------------------------------------------  -----  ---------  --------  ----------  --------------  -------------------
/opt/airflow/dags/databricks_apple_analysis_project.py                           0           1  0.07s           2024-09-11T10:39:59
================================================================================
[2024-09-11T10:40:43.698+0000] {manager.py:878} INFO - 
================================================================================
DAG File Processing Stats

File Path                                               PID    Runtime      # DAGs    # Errors  Last Runtime    Last Run
------------------------------------------------------  -----  ---------  --------  ----------  --------------  -------------------
/opt/airflow/dags/databricks_apple_analysis_project.py                           0           1  0.07s           2024-09-11T10:40:29
================================================================================
[2024-09-11T10:41:13.907+0000] {manager.py:878} INFO - 
================================================================================
DAG File Processing Stats

File Path                                               PID    Runtime      # DAGs    # Errors  Last Runtime    Last Run
------------------------------------------------------  -----  ---------  --------  ----------  --------------  -------------------
/opt/airflow/dags/databricks_apple_analysis_project.py                           0           1  0.09s           2024-09-11T10:40:52
================================================================================
[2024-09-11T10:41:44.125+0000] {manager.py:878} INFO - 
================================================================================
DAG File Processing Stats

File Path                                               PID    Runtime      # DAGs    # Errors  Last Runtime    Last Run
------------------------------------------------------  -----  ---------  --------  ----------  --------------  -------------------
/opt/airflow/dags/databricks_apple_analysis_project.py                           0           1  0.07s           2024-09-11T10:41:41
================================================================================
[2024-09-11T10:42:14.300+0000] {manager.py:878} INFO - 
================================================================================
DAG File Processing Stats

File Path                                               PID    Runtime      # DAGs    # Errors  Last Runtime    Last Run
------------------------------------------------------  -----  ---------  --------  ----------  --------------  -------------------
/opt/airflow/dags/databricks_apple_analysis_project.py                           0           1  0.07s           2024-09-11T10:42:11
================================================================================
[2024-09-11T10:42:44.483+0000] {manager.py:878} INFO - 
================================================================================
DAG File Processing Stats

File Path                                               PID    Runtime      # DAGs    # Errors  Last Runtime    Last Run
------------------------------------------------------  -----  ---------  --------  ----------  --------------  -------------------
/opt/airflow/dags/databricks_apple_analysis_project.py                           0           1  0.07s           2024-09-11T10:42:41
================================================================================
[2024-09-11T10:43:14.697+0000] {manager.py:878} INFO - 
================================================================================
DAG File Processing Stats

File Path                                               PID    Runtime      # DAGs    # Errors  Last Runtime    Last Run
------------------------------------------------------  -----  ---------  --------  ----------  --------------  -------------------
/opt/airflow/dags/databricks_apple_analysis_project.py                           0           1  0.07s           2024-09-11T10:43:11
================================================================================
[2024-09-11T10:43:37.821+0000] {manager.py:737} INFO - Searching for files in /opt/airflow/dags
[2024-09-11T10:43:37.829+0000] {manager.py:740} INFO - There are 1 files in /opt/airflow/dags
[2024-09-11T10:43:44.897+0000] {manager.py:878} INFO - 
================================================================================
DAG File Processing Stats

File Path                                               PID    Runtime      # DAGs    # Errors  Last Runtime    Last Run
------------------------------------------------------  -----  ---------  --------  ----------  --------------  -------------------
/opt/airflow/dags/databricks_apple_analysis_project.py                           0           1  0.07s           2024-09-11T10:43:41
================================================================================
[2024-09-11T10:44:15.070+0000] {manager.py:878} INFO - 
================================================================================
DAG File Processing Stats

File Path                                               PID    Runtime      # DAGs    # Errors  Last Runtime    Last Run
------------------------------------------------------  -----  ---------  --------  ----------  --------------  -------------------
/opt/airflow/dags/databricks_apple_analysis_project.py                           0           1  0.07s           2024-09-11T10:44:12
================================================================================
[2024-09-11T10:44:45.294+0000] {manager.py:878} INFO - 
================================================================================
DAG File Processing Stats

File Path                                               PID    Runtime      # DAGs    # Errors  Last Runtime    Last Run
------------------------------------------------------  -----  ---------  --------  ----------  --------------  -------------------
/opt/airflow/dags/databricks_apple_analysis_project.py                           0           1  0.09s           2024-09-11T10:44:42
================================================================================
[2024-09-11T10:45:15.473+0000] {manager.py:878} INFO - 
================================================================================
DAG File Processing Stats

File Path                                               PID    Runtime      # DAGs    # Errors  Last Runtime    Last Run
------------------------------------------------------  -----  ---------  --------  ----------  --------------  -------------------
/opt/airflow/dags/databricks_apple_analysis_project.py                           0           1  0.07s           2024-09-11T10:45:12
================================================================================
[2024-09-11T10:45:45.680+0000] {manager.py:878} INFO - 
================================================================================
DAG File Processing Stats

File Path                                               PID    Runtime      # DAGs    # Errors  Last Runtime    Last Run
------------------------------------------------------  -----  ---------  --------  ----------  --------------  -------------------
/opt/airflow/dags/databricks_apple_analysis_project.py                           0           1  0.07s           2024-09-11T10:45:42
================================================================================
[2024-09-11T10:46:15.854+0000] {manager.py:878} INFO - 
================================================================================
DAG File Processing Stats

File Path                                               PID    Runtime      # DAGs    # Errors  Last Runtime    Last Run
------------------------------------------------------  -----  ---------  --------  ----------  --------------  -------------------
/opt/airflow/dags/databricks_apple_analysis_project.py                           0           1  0.06s           2024-09-11T10:46:12
================================================================================
[2024-09-11T10:46:19.301+0000] {manager.py:452} INFO - Exiting gracefully upon receiving signal 15
[2024-09-11T10:54:02.218+0000] {manager.py:470} INFO - Processing files using up to 2 processes at a time 
[2024-09-11T10:54:02.219+0000] {manager.py:471} INFO - Process each file at most once every 30 seconds
[2024-09-11T10:54:02.220+0000] {manager.py:472} INFO - Checking for new files in /opt/airflow/dags every 300 seconds
[2024-09-11T10:54:02.222+0000] {manager.py:737} INFO - Searching for files in /opt/airflow/dags
[2024-09-11T10:54:02.230+0000] {manager.py:740} INFO - There are 1 files in /opt/airflow/dags
[2024-09-11T10:54:02.333+0000] {manager.py:878} INFO - 
================================================================================
DAG File Processing Stats

File Path                                                 PID  Runtime      # DAGs    # Errors  Last Runtime    Last Run
------------------------------------------------------  -----  ---------  --------  ----------  --------------  ----------
/opt/airflow/dags/databricks_apple_analysis_project.py     38  0.05s             0           0
================================================================================
[2024-09-11T10:54:32.492+0000] {manager.py:878} INFO - 
================================================================================
DAG File Processing Stats

File Path                                                 PID  Runtime      # DAGs    # Errors  Last Runtime    Last Run
------------------------------------------------------  -----  ---------  --------  ----------  --------------  -------------------
/opt/airflow/dags/databricks_apple_analysis_project.py     45  0.01s             0           1  0.07s           2024-09-11T10:54:02
================================================================================
[2024-09-11T10:55:02.686+0000] {manager.py:878} INFO - 
================================================================================
DAG File Processing Stats

File Path                                                 PID  Runtime      # DAGs    # Errors  Last Runtime    Last Run
------------------------------------------------------  -----  ---------  --------  ----------  --------------  -------------------
/opt/airflow/dags/databricks_apple_analysis_project.py     52  0.01s             0           1  0.07s           2024-09-11T10:54:32
================================================================================
[2024-09-11T10:55:32.882+0000] {manager.py:878} INFO - 
================================================================================
DAG File Processing Stats

File Path                                                 PID  Runtime      # DAGs    # Errors  Last Runtime    Last Run
------------------------------------------------------  -----  ---------  --------  ----------  --------------  -------------------
/opt/airflow/dags/databricks_apple_analysis_project.py     59  0.01s             0           1  0.08s           2024-09-11T10:55:02
================================================================================
[2024-09-11T10:56:03.069+0000] {manager.py:878} INFO - 
================================================================================
DAG File Processing Stats

File Path                                                 PID  Runtime      # DAGs    # Errors  Last Runtime    Last Run
------------------------------------------------------  -----  ---------  --------  ----------  --------------  -------------------
/opt/airflow/dags/databricks_apple_analysis_project.py     66  0.01s             0           1  0.07s           2024-09-11T10:55:32
================================================================================
[2024-09-11T10:56:33.246+0000] {manager.py:878} INFO - 
================================================================================
DAG File Processing Stats

File Path                                                 PID  Runtime      # DAGs    # Errors  Last Runtime    Last Run
------------------------------------------------------  -----  ---------  --------  ----------  --------------  -------------------
/opt/airflow/dags/databricks_apple_analysis_project.py     73  0.01s             0           1  0.08s           2024-09-11T10:56:03
================================================================================
[2024-09-11T10:57:03.486+0000] {manager.py:878} INFO - 
================================================================================
DAG File Processing Stats

File Path                                                 PID  Runtime      # DAGs    # Errors  Last Runtime    Last Run
------------------------------------------------------  -----  ---------  --------  ----------  --------------  -------------------
/opt/airflow/dags/databricks_apple_analysis_project.py     80  0.01s             0           1  0.07s           2024-09-11T10:56:33
================================================================================
[2024-09-11T10:57:33.659+0000] {manager.py:878} INFO - 
================================================================================
DAG File Processing Stats

File Path                                                 PID  Runtime      # DAGs    # Errors  Last Runtime    Last Run
------------------------------------------------------  -----  ---------  --------  ----------  --------------  -------------------
/opt/airflow/dags/databricks_apple_analysis_project.py     87  0.01s             0           1  0.07s           2024-09-11T10:57:03
================================================================================
[2024-09-11T10:58:03.934+0000] {manager.py:878} INFO - 
================================================================================
DAG File Processing Stats

File Path                                               PID    Runtime      # DAGs    # Errors  Last Runtime    Last Run
------------------------------------------------------  -----  ---------  --------  ----------  --------------  -------------------
/opt/airflow/dags/databricks_apple_analysis_project.py                           0           1  0.08s           2024-09-11T10:57:48
================================================================================
[2024-09-11T10:58:34.118+0000] {manager.py:878} INFO - 
================================================================================
DAG File Processing Stats

File Path                                               PID    Runtime      # DAGs    # Errors  Last Runtime    Last Run
------------------------------------------------------  -----  ---------  --------  ----------  --------------  -------------------
/opt/airflow/dags/databricks_apple_analysis_project.py                           0           1  0.07s           2024-09-11T10:58:19
================================================================================
[2024-09-11T10:59:02.287+0000] {manager.py:737} INFO - Searching for files in /opt/airflow/dags
[2024-09-11T10:59:02.300+0000] {manager.py:740} INFO - There are 1 files in /opt/airflow/dags
[2024-09-11T10:59:04.337+0000] {manager.py:878} INFO - 
================================================================================
DAG File Processing Stats

File Path                                               PID    Runtime      # DAGs    # Errors  Last Runtime    Last Run
------------------------------------------------------  -----  ---------  --------  ----------  --------------  -------------------
/opt/airflow/dags/databricks_apple_analysis_project.py                           0           1  0.07s           2024-09-11T10:58:49
================================================================================
[2024-09-11T10:59:34.523+0000] {manager.py:878} INFO - 
================================================================================
DAG File Processing Stats

File Path                                               PID    Runtime      # DAGs    # Errors  Last Runtime    Last Run
------------------------------------------------------  -----  ---------  --------  ----------  --------------  -------------------
/opt/airflow/dags/databricks_apple_analysis_project.py                           0           1  0.07s           2024-09-11T10:59:19
================================================================================
[2024-09-11T11:00:04.699+0000] {manager.py:878} INFO - 
================================================================================
DAG File Processing Stats

File Path                                               PID    Runtime      # DAGs    # Errors  Last Runtime    Last Run
------------------------------------------------------  -----  ---------  --------  ----------  --------------  -------------------
/opt/airflow/dags/databricks_apple_analysis_project.py                           0           1  0.07s           2024-09-11T10:59:49
================================================================================
[2024-09-11T11:00:34.872+0000] {manager.py:878} INFO - 
================================================================================
DAG File Processing Stats

File Path                                               PID    Runtime      # DAGs    # Errors  Last Runtime    Last Run
------------------------------------------------------  -----  ---------  --------  ----------  --------------  -------------------
/opt/airflow/dags/databricks_apple_analysis_project.py                           0           1  0.07s           2024-09-11T11:00:19
================================================================================
[2024-09-11T11:01:05.054+0000] {manager.py:878} INFO - 
================================================================================
DAG File Processing Stats

File Path                                               PID    Runtime      # DAGs    # Errors  Last Runtime    Last Run
------------------------------------------------------  -----  ---------  --------  ----------  --------------  -------------------
/opt/airflow/dags/databricks_apple_analysis_project.py                           0           1  0.07s           2024-09-11T11:00:50
================================================================================
[2024-09-11T11:01:35.219+0000] {manager.py:878} INFO - 
================================================================================
DAG File Processing Stats

File Path                                               PID    Runtime      # DAGs    # Errors  Last Runtime    Last Run
------------------------------------------------------  -----  ---------  --------  ----------  --------------  -------------------
/opt/airflow/dags/databricks_apple_analysis_project.py                           0           1  0.07s           2024-09-11T11:01:20
================================================================================
[2024-09-11T11:02:05.406+0000] {manager.py:878} INFO - 
================================================================================
DAG File Processing Stats

File Path                                               PID    Runtime      # DAGs    # Errors  Last Runtime    Last Run
------------------------------------------------------  -----  ---------  --------  ----------  --------------  -------------------
/opt/airflow/dags/databricks_apple_analysis_project.py                           0           1  0.07s           2024-09-11T11:01:50
================================================================================
[2024-09-11T11:02:35.621+0000] {manager.py:878} INFO - 
================================================================================
DAG File Processing Stats

File Path                                               PID    Runtime      # DAGs    # Errors  Last Runtime    Last Run
------------------------------------------------------  -----  ---------  --------  ----------  --------------  -------------------
/opt/airflow/dags/databricks_apple_analysis_project.py                           0           1  0.07s           2024-09-11T11:02:20
================================================================================
[2024-09-11T11:03:05.816+0000] {manager.py:878} INFO - 
================================================================================
DAG File Processing Stats

File Path                                               PID    Runtime      # DAGs    # Errors  Last Runtime    Last Run
------------------------------------------------------  -----  ---------  --------  ----------  --------------  -------------------
/opt/airflow/dags/databricks_apple_analysis_project.py                           0           1  0.08s           2024-09-11T11:02:50
================================================================================
[2024-09-11T11:03:36.002+0000] {manager.py:878} INFO - 
================================================================================
DAG File Processing Stats

File Path                                               PID    Runtime      # DAGs    # Errors  Last Runtime    Last Run
------------------------------------------------------  -----  ---------  --------  ----------  --------------  -------------------
/opt/airflow/dags/databricks_apple_analysis_project.py                           0           1  0.07s           2024-09-11T11:03:20
================================================================================
[2024-09-11T11:04:03.178+0000] {manager.py:737} INFO - Searching for files in /opt/airflow/dags
[2024-09-11T11:04:03.191+0000] {manager.py:740} INFO - There are 1 files in /opt/airflow/dags
[2024-09-11T11:04:06.231+0000] {manager.py:878} INFO - 
================================================================================
DAG File Processing Stats

File Path                                               PID    Runtime      # DAGs    # Errors  Last Runtime    Last Run
------------------------------------------------------  -----  ---------  --------  ----------  --------------  -------------------
/opt/airflow/dags/databricks_apple_analysis_project.py                           0           1  0.08s           2024-09-11T11:03:51
================================================================================
[2024-09-11T11:04:08.628+0000] {manager.py:452} INFO - Exiting gracefully upon receiving signal 15
[2024-09-11T11:05:26.646+0000] {manager.py:470} INFO - Processing files using up to 2 processes at a time 
[2024-09-11T11:05:26.647+0000] {manager.py:471} INFO - Process each file at most once every 30 seconds
[2024-09-11T11:05:26.648+0000] {manager.py:472} INFO - Checking for new files in /opt/airflow/dags every 300 seconds
[2024-09-11T11:05:26.649+0000] {manager.py:737} INFO - Searching for files in /opt/airflow/dags
[2024-09-11T11:05:26.657+0000] {manager.py:740} INFO - There are 1 files in /opt/airflow/dags
[2024-09-11T11:05:26.782+0000] {manager.py:878} INFO - 
================================================================================
DAG File Processing Stats

File Path                                                 PID  Runtime      # DAGs    # Errors  Last Runtime    Last Run
------------------------------------------------------  -----  ---------  --------  ----------  --------------  ----------
/opt/airflow/dags/databricks_apple_analysis_project.py     38  0.07s             0           0
================================================================================
[2024-09-11T11:05:56.951+0000] {manager.py:878} INFO - 
================================================================================
DAG File Processing Stats

File Path                                                 PID  Runtime      # DAGs    # Errors  Last Runtime    Last Run
------------------------------------------------------  -----  ---------  --------  ----------  --------------  -------------------
/opt/airflow/dags/databricks_apple_analysis_project.py     45  0.01s             0           1  0.09s           2024-09-11T11:05:26
================================================================================
[2024-09-11T11:06:27.126+0000] {manager.py:878} INFO - 
================================================================================
DAG File Processing Stats

File Path                                                 PID  Runtime      # DAGs    # Errors  Last Runtime    Last Run
------------------------------------------------------  -----  ---------  --------  ----------  --------------  -------------------
/opt/airflow/dags/databricks_apple_analysis_project.py     52  0.01s             0           1  0.08s           2024-09-11T11:05:57
================================================================================
[2024-09-11T11:06:57.320+0000] {manager.py:878} INFO - 
================================================================================
DAG File Processing Stats

File Path                                                 PID  Runtime      # DAGs    # Errors  Last Runtime    Last Run
------------------------------------------------------  -----  ---------  --------  ----------  --------------  -------------------
/opt/airflow/dags/databricks_apple_analysis_project.py     59  0.01s             0           1  0.07s           2024-09-11T11:06:27
================================================================================
[2024-09-11T11:07:27.500+0000] {manager.py:878} INFO - 
================================================================================
DAG File Processing Stats

File Path                                                 PID  Runtime      # DAGs    # Errors  Last Runtime    Last Run
------------------------------------------------------  -----  ---------  --------  ----------  --------------  -------------------
/opt/airflow/dags/databricks_apple_analysis_project.py     66  0.01s             0           1  0.08s           2024-09-11T11:06:57
================================================================================
[2024-09-11T11:07:57.744+0000] {manager.py:878} INFO - 
================================================================================
DAG File Processing Stats

File Path                                                 PID  Runtime      # DAGs    # Errors  Last Runtime    Last Run
------------------------------------------------------  -----  ---------  --------  ----------  --------------  -------------------
/opt/airflow/dags/databricks_apple_analysis_project.py     73  0.00s             0           1  0.06s           2024-09-11T11:07:27
================================================================================
[2024-09-11T11:08:27.975+0000] {manager.py:878} INFO - 
================================================================================
DAG File Processing Stats

File Path                                                 PID  Runtime      # DAGs    # Errors  Last Runtime    Last Run
------------------------------------------------------  -----  ---------  --------  ----------  --------------  -------------------
/opt/airflow/dags/databricks_apple_analysis_project.py     80  0.01s             0           1  0.07s           2024-09-11T11:07:57
================================================================================
[2024-09-11T11:08:58.426+0000] {manager.py:878} INFO - 
================================================================================
DAG File Processing Stats

File Path                                                 PID  Runtime      # DAGs    # Errors  Last Runtime    Last Run
------------------------------------------------------  -----  ---------  --------  ----------  --------------  -------------------
/opt/airflow/dags/databricks_apple_analysis_project.py     87  0.01s             0           1  0.21s           2024-09-11T11:08:28
================================================================================
[2024-09-11T11:09:28.611+0000] {manager.py:878} INFO - 
================================================================================
DAG File Processing Stats

File Path                                                 PID  Runtime      # DAGs    # Errors  Last Runtime    Last Run
------------------------------------------------------  -----  ---------  --------  ----------  --------------  -------------------
/opt/airflow/dags/databricks_apple_analysis_project.py     94  0.01s             0           1  0.07s           2024-09-11T11:08:58
================================================================================
[2024-09-11T11:09:58.804+0000] {manager.py:878} INFO - 
================================================================================
DAG File Processing Stats

File Path                                                 PID  Runtime      # DAGs    # Errors  Last Runtime    Last Run
------------------------------------------------------  -----  ---------  --------  ----------  --------------  -------------------
/opt/airflow/dags/databricks_apple_analysis_project.py    101  0.00s             0           1  0.07s           2024-09-11T11:09:28
================================================================================
[2024-09-11T11:10:26.978+0000] {manager.py:737} INFO - Searching for files in /opt/airflow/dags
[2024-09-11T11:10:26.989+0000] {manager.py:740} INFO - There are 1 files in /opt/airflow/dags
[2024-09-11T11:10:29.032+0000] {manager.py:878} INFO - 
================================================================================
DAG File Processing Stats

File Path                                                 PID  Runtime      # DAGs    # Errors  Last Runtime    Last Run
------------------------------------------------------  -----  ---------  --------  ----------  --------------  -------------------
/opt/airflow/dags/databricks_apple_analysis_project.py    108  0.01s             0           1  0.07s           2024-09-11T11:09:58
================================================================================
[2024-09-11T11:10:59.240+0000] {manager.py:878} INFO - 
================================================================================
DAG File Processing Stats

File Path                                                 PID  Runtime      # DAGs    # Errors  Last Runtime    Last Run
------------------------------------------------------  -----  ---------  --------  ----------  --------------  -------------------
/opt/airflow/dags/databricks_apple_analysis_project.py    115  0.00s             0           1  0.07s           2024-09-11T11:10:29
================================================================================
[2024-09-11T11:11:29.414+0000] {manager.py:878} INFO - 
================================================================================
DAG File Processing Stats

File Path                                                 PID  Runtime      # DAGs    # Errors  Last Runtime    Last Run
------------------------------------------------------  -----  ---------  --------  ----------  --------------  -------------------
/opt/airflow/dags/databricks_apple_analysis_project.py    122  0.00s             0           1  0.09s           2024-09-11T11:10:59
================================================================================
[2024-09-11T11:11:59.803+0000] {manager.py:878} INFO - 
================================================================================
DAG File Processing Stats

File Path                                                 PID  Runtime      # DAGs    # Errors  Last Runtime    Last Run
------------------------------------------------------  -----  ---------  --------  ----------  --------------  -------------------
/opt/airflow/dags/databricks_apple_analysis_project.py    129  0.01s             0           1  0.10s           2024-09-11T11:11:29
================================================================================
[2024-09-11T11:12:30.014+0000] {manager.py:878} INFO - 
================================================================================
DAG File Processing Stats

File Path                                                 PID  Runtime      # DAGs    # Errors  Last Runtime    Last Run
------------------------------------------------------  -----  ---------  --------  ----------  --------------  -------------------
/opt/airflow/dags/databricks_apple_analysis_project.py    136  0.01s             0           1  0.09s           2024-09-11T11:11:59
================================================================================
[2024-09-11T11:13:00.232+0000] {manager.py:878} INFO - 
================================================================================
DAG File Processing Stats

File Path                                                 PID  Runtime      # DAGs    # Errors  Last Runtime    Last Run
------------------------------------------------------  -----  ---------  --------  ----------  --------------  -------------------
/opt/airflow/dags/databricks_apple_analysis_project.py    143  0.01s             0           1  0.09s           2024-09-11T11:12:30
================================================================================
[2024-09-11T11:13:30.403+0000] {manager.py:878} INFO - 
================================================================================
DAG File Processing Stats

File Path                                                 PID  Runtime      # DAGs    # Errors  Last Runtime    Last Run
------------------------------------------------------  -----  ---------  --------  ----------  --------------  -------------------
/opt/airflow/dags/databricks_apple_analysis_project.py    150  0.00s             0           1  0.07s           2024-09-11T11:13:00
================================================================================
[2024-09-11T11:14:00.572+0000] {manager.py:878} INFO - 
================================================================================
DAG File Processing Stats

File Path                                                 PID  Runtime      # DAGs    # Errors  Last Runtime    Last Run
------------------------------------------------------  -----  ---------  --------  ----------  --------------  -------------------
/opt/airflow/dags/databricks_apple_analysis_project.py    157  0.00s             0           1  0.07s           2024-09-11T11:13:30
================================================================================
[2024-09-11T11:14:30.838+0000] {manager.py:878} INFO - 
================================================================================
DAG File Processing Stats

File Path                                                 PID  Runtime      # DAGs    # Errors  Last Runtime    Last Run
------------------------------------------------------  -----  ---------  --------  ----------  --------------  -------------------
/opt/airflow/dags/databricks_apple_analysis_project.py    164  0.02s             0           1  0.07s           2024-09-11T11:14:00
================================================================================
[2024-09-11T11:15:01.119+0000] {manager.py:878} INFO - 
================================================================================
DAG File Processing Stats

File Path                                               PID    Runtime      # DAGs    # Errors  Last Runtime    Last Run
------------------------------------------------------  -----  ---------  --------  ----------  --------------  -------------------
/opt/airflow/dags/databricks_apple_analysis_project.py                           0           1  0.31s           2024-09-11T11:14:31
================================================================================
[2024-09-11T11:15:19.085+0000] {manager.py:452} INFO - Exiting gracefully upon receiving signal 15
[2024-09-11T11:18:53.349+0000] {manager.py:470} INFO - Processing files using up to 2 processes at a time 
[2024-09-11T11:18:53.353+0000] {manager.py:471} INFO - Process each file at most once every 30 seconds
[2024-09-11T11:18:53.355+0000] {manager.py:472} INFO - Checking for new files in /opt/airflow/dags every 300 seconds
[2024-09-11T11:18:53.357+0000] {manager.py:737} INFO - Searching for files in /opt/airflow/dags
[2024-09-11T11:18:53.372+0000] {manager.py:740} INFO - There are 1 files in /opt/airflow/dags
[2024-09-11T11:18:53.771+0000] {manager.py:878} INFO - 
================================================================================
DAG File Processing Stats

File Path                                                 PID  Runtime      # DAGs    # Errors  Last Runtime    Last Run
------------------------------------------------------  -----  ---------  --------  ----------  --------------  ----------
/opt/airflow/dags/databricks_apple_analysis_project.py     51  0.16s             0           0
================================================================================
[2024-09-11T11:19:24.005+0000] {manager.py:878} INFO - 
================================================================================
DAG File Processing Stats

File Path                                                 PID  Runtime      # DAGs    # Errors  Last Runtime    Last Run
------------------------------------------------------  -----  ---------  --------  ----------  --------------  -------------------
/opt/airflow/dags/databricks_apple_analysis_project.py     58  0.01s             0           1  0.22s           2024-09-11T11:18:53
================================================================================
[2024-09-11T11:19:54.800+0000] {manager.py:878} INFO - 
================================================================================
DAG File Processing Stats

File Path                                                 PID  Runtime      # DAGs    # Errors  Last Runtime    Last Run
------------------------------------------------------  -----  ---------  --------  ----------  --------------  -------------------
/opt/airflow/dags/databricks_apple_analysis_project.py     65  0.15s             0           1  0.43s           2024-09-11T11:19:24
================================================================================
[2024-09-11T11:20:25.085+0000] {manager.py:878} INFO - 
================================================================================
DAG File Processing Stats

File Path                                               PID    Runtime      # DAGs    # Errors  Last Runtime    Last Run
------------------------------------------------------  -----  ---------  --------  ----------  --------------  -------------------
/opt/airflow/dags/databricks_apple_analysis_project.py                           0           1  0.82s           2024-09-11T11:19:55
================================================================================
[2024-09-11T11:20:55.773+0000] {manager.py:878} INFO - 
================================================================================
DAG File Processing Stats

File Path                                                 PID  Runtime      # DAGs    # Errors  Last Runtime    Last Run
------------------------------------------------------  -----  ---------  --------  ----------  --------------  -------------------
/opt/airflow/dags/databricks_apple_analysis_project.py     79  0.01s             0           1  0.09s           2024-09-11T11:20:25
================================================================================
[2024-09-11T11:21:20.332+0000] {manager.py:452} INFO - Exiting gracefully upon receiving signal 15
[2024-09-11T11:22:32.046+0000] {manager.py:470} INFO - Processing files using up to 2 processes at a time 
[2024-09-11T11:22:32.047+0000] {manager.py:471} INFO - Process each file at most once every 30 seconds
[2024-09-11T11:22:32.048+0000] {manager.py:472} INFO - Checking for new files in /opt/airflow/dags every 300 seconds
[2024-09-11T11:22:32.050+0000] {manager.py:737} INFO - Searching for files in /opt/airflow/dags
[2024-09-11T11:22:32.059+0000] {manager.py:740} INFO - There are 1 files in /opt/airflow/dags
[2024-09-11T11:22:32.221+0000] {manager.py:878} INFO - 
================================================================================
DAG File Processing Stats

File Path                                                 PID  Runtime      # DAGs    # Errors  Last Runtime    Last Run
------------------------------------------------------  -----  ---------  --------  ----------  --------------  ----------
/opt/airflow/dags/databricks_apple_analysis_project.py     38  0.09s             0           0
================================================================================
[2024-09-11T11:23:02.304+0000] {manager.py:878} INFO - 
================================================================================
DAG File Processing Stats

File Path                                                 PID  Runtime      # DAGs    # Errors  Last Runtime    Last Run
------------------------------------------------------  -----  ---------  --------  ----------  --------------  -------------------
/opt/airflow/dags/databricks_apple_analysis_project.py     45  0.01s             0           1  0.11s           2024-09-11T11:22:32
================================================================================
[2024-09-11T11:23:32.485+0000] {manager.py:878} INFO - 
================================================================================
DAG File Processing Stats

File Path                                                 PID  Runtime      # DAGs    # Errors  Last Runtime    Last Run
------------------------------------------------------  -----  ---------  --------  ----------  --------------  -------------------
/opt/airflow/dags/databricks_apple_analysis_project.py     52  0.01s             0           1  0.07s           2024-09-11T11:23:02
================================================================================
[2024-09-11T11:23:44.313+0000] {manager.py:452} INFO - Exiting gracefully upon receiving signal 15
[2024-09-11T11:29:43.823+0000] {manager.py:470} INFO - Processing files using up to 2 processes at a time 
[2024-09-11T11:29:43.825+0000] {manager.py:471} INFO - Process each file at most once every 30 seconds
[2024-09-11T11:29:43.827+0000] {manager.py:472} INFO - Checking for new files in /opt/airflow/dags every 300 seconds
[2024-09-11T11:29:43.829+0000] {manager.py:737} INFO - Searching for files in /opt/airflow/dags
[2024-09-11T11:29:43.845+0000] {manager.py:740} INFO - There are 1 files in /opt/airflow/dags
[2024-09-11T11:29:44.404+0000] {manager.py:878} INFO - 
================================================================================
DAG File Processing Stats

File Path                                                 PID  Runtime      # DAGs    # Errors  Last Runtime    Last Run
------------------------------------------------------  -----  ---------  --------  ----------  --------------  ----------
/opt/airflow/dags/databricks_apple_analysis_project.py     44  0.39s             0           0
================================================================================
[2024-09-11T11:30:14.584+0000] {manager.py:878} INFO - 
================================================================================
DAG File Processing Stats

File Path                                                 PID  Runtime      # DAGs    # Errors  Last Runtime    Last Run
------------------------------------------------------  -----  ---------  --------  ----------  --------------  -------------------
/opt/airflow/dags/databricks_apple_analysis_project.py     51  0.01s             0           1  0.41s           2024-09-11T11:29:44
================================================================================
[2024-09-11T11:30:44.773+0000] {manager.py:878} INFO - 
================================================================================
DAG File Processing Stats

File Path                                                 PID  Runtime      # DAGs    # Errors  Last Runtime    Last Run
------------------------------------------------------  -----  ---------  --------  ----------  --------------  -------------------
/opt/airflow/dags/databricks_apple_analysis_project.py     58  0.02s             0           1  0.07s           2024-09-11T11:30:14
================================================================================
[2024-09-11T11:31:14.950+0000] {manager.py:878} INFO - 
================================================================================
DAG File Processing Stats

File Path                                                 PID  Runtime      # DAGs    # Errors  Last Runtime    Last Run
------------------------------------------------------  -----  ---------  --------  ----------  --------------  -------------------
/opt/airflow/dags/databricks_apple_analysis_project.py     65  0.01s             0           1  0.09s           2024-09-11T11:30:44
================================================================================
[2024-09-11T11:31:45.122+0000] {manager.py:878} INFO - 
================================================================================
DAG File Processing Stats

File Path                                                 PID  Runtime      # DAGs    # Errors  Last Runtime    Last Run
------------------------------------------------------  -----  ---------  --------  ----------  --------------  -------------------
/opt/airflow/dags/databricks_apple_analysis_project.py     72  0.00s             0           1  0.07s           2024-09-11T11:31:15
================================================================================
[2024-09-11T11:32:15.292+0000] {manager.py:878} INFO - 
================================================================================
DAG File Processing Stats

File Path                                                 PID  Runtime      # DAGs    # Errors  Last Runtime    Last Run
------------------------------------------------------  -----  ---------  --------  ----------  --------------  -------------------
/opt/airflow/dags/databricks_apple_analysis_project.py     79  0.01s             0           1  0.06s           2024-09-11T11:31:45
================================================================================
[2024-09-11T11:32:45.487+0000] {manager.py:878} INFO - 
================================================================================
DAG File Processing Stats

File Path                                                 PID  Runtime      # DAGs    # Errors  Last Runtime    Last Run
------------------------------------------------------  -----  ---------  --------  ----------  --------------  -------------------
/opt/airflow/dags/databricks_apple_analysis_project.py     86  0.01s             0           1  0.07s           2024-09-11T11:32:15
================================================================================
[2024-09-11T11:33:15.658+0000] {manager.py:878} INFO - 
================================================================================
DAG File Processing Stats

File Path                                                 PID  Runtime      # DAGs    # Errors  Last Runtime    Last Run
------------------------------------------------------  -----  ---------  --------  ----------  --------------  -------------------
/opt/airflow/dags/databricks_apple_analysis_project.py     93  0.00s             0           1  0.08s           2024-09-11T11:32:45
================================================================================
[2024-09-11T11:33:31.306+0000] {manager.py:452} INFO - Exiting gracefully upon receiving signal 15
[2024-09-11T11:39:32.564+0000] {manager.py:470} INFO - Processing files using up to 2 processes at a time 
[2024-09-11T11:39:32.565+0000] {manager.py:471} INFO - Process each file at most once every 30 seconds
[2024-09-11T11:39:32.566+0000] {manager.py:472} INFO - Checking for new files in /opt/airflow/dags every 300 seconds
[2024-09-11T11:39:32.568+0000] {manager.py:737} INFO - Searching for files in /opt/airflow/dags
[2024-09-11T11:39:32.575+0000] {manager.py:740} INFO - There are 1 files in /opt/airflow/dags
[2024-09-11T11:39:32.680+0000] {manager.py:878} INFO - 
================================================================================
DAG File Processing Stats

File Path                                                 PID  Runtime      # DAGs    # Errors  Last Runtime    Last Run
------------------------------------------------------  -----  ---------  --------  ----------  --------------  ----------
/opt/airflow/dags/databricks_apple_analysis_project.py     38  0.06s             0           0
================================================================================
[2024-09-11T11:40:02.889+0000] {manager.py:878} INFO - 
================================================================================
DAG File Processing Stats

File Path                                                 PID  Runtime      # DAGs    # Errors  Last Runtime    Last Run
------------------------------------------------------  -----  ---------  --------  ----------  --------------  -------------------
/opt/airflow/dags/databricks_apple_analysis_project.py     45  0.01s             0           1  0.08s           2024-09-11T11:39:32
================================================================================
[2024-09-11T11:40:33.057+0000] {manager.py:878} INFO - 
================================================================================
DAG File Processing Stats

File Path                                                 PID  Runtime      # DAGs    # Errors  Last Runtime    Last Run
------------------------------------------------------  -----  ---------  --------  ----------  --------------  -------------------
/opt/airflow/dags/databricks_apple_analysis_project.py     52  0.00s             0           1  0.07s           2024-09-11T11:40:02
================================================================================
[2024-09-11T11:41:03.231+0000] {manager.py:878} INFO - 
================================================================================
DAG File Processing Stats

File Path                                                 PID  Runtime      # DAGs    # Errors  Last Runtime    Last Run
------------------------------------------------------  -----  ---------  --------  ----------  --------------  -------------------
/opt/airflow/dags/databricks_apple_analysis_project.py     59  0.01s             0           1  0.06s           2024-09-11T11:40:33
================================================================================
[2024-09-11T11:41:33.404+0000] {manager.py:878} INFO - 
================================================================================
DAG File Processing Stats

File Path                                                 PID  Runtime      # DAGs    # Errors  Last Runtime    Last Run
------------------------------------------------------  -----  ---------  --------  ----------  --------------  -------------------
/opt/airflow/dags/databricks_apple_analysis_project.py     66  0.00s             0           1  0.11s           2024-09-11T11:41:03
================================================================================
[2024-09-11T11:42:03.695+0000] {manager.py:878} INFO - 
================================================================================
DAG File Processing Stats

File Path                                                 PID  Runtime      # DAGs    # Errors  Last Runtime    Last Run
------------------------------------------------------  -----  ---------  --------  ----------  --------------  -------------------
/opt/airflow/dags/databricks_apple_analysis_project.py     73  0.02s             0           1  0.08s           2024-09-11T11:41:33
================================================================================
[2024-09-11T11:42:33.879+0000] {manager.py:878} INFO - 
================================================================================
DAG File Processing Stats

File Path                                                 PID  Runtime      # DAGs    # Errors  Last Runtime    Last Run
------------------------------------------------------  -----  ---------  --------  ----------  --------------  -------------------
/opt/airflow/dags/databricks_apple_analysis_project.py     80  0.00s             0           1  0.14s           2024-09-11T11:42:03
================================================================================
[2024-09-11T11:42:45.448+0000] {manager.py:452} INFO - Exiting gracefully upon receiving signal 15
